<?xml version="1.0" encoding="UTF-8"?>
<!-- Generated by org.testng.reporters.JUnitXMLReporter -->
<testsuite ignored="0" hostname="LAPTOP-PTAMIA1Q" failures="0" tests="1" name="Test-1" time="9.576" errors="0" timestamp="2023-03-16T03:35:45 IST">
  <testcase classname="Browserstack.Browserstackdemo" name="method" time="9.532"/>
</testsuite> <!-- Test-1 -->
