<?xml version="1.0" encoding="UTF-8"?>
<!-- Generated by org.testng.reporters.JUnitXMLReporter -->
<testsuite ignored="0" hostname="LAPTOP-PTAMIA1Q" failures="0" tests="1" name="Test-2" time="8.163" errors="0" timestamp="2023-03-16T03:35:43 IST">
  <testcase classname="Browserstack.Browserstackdemo" name="method" time="8.118"/>
</testsuite> <!-- Test-2 -->
