<?xml version="1.0" encoding="UTF-8"?>
<!-- Generated by org.testng.reporters.JUnitReportReporter -->
<testsuite hostname="LAPTOP-PTAMIA1Q" failures="0" tests="1" name="Browserstack.Browserstackdemo" time="11.019" errors="0" timestamp="2023-03-16T03:51:28 IST" skipped="0">
  <testcase classname="Browserstack.Browserstackdemo" name="method" time="11.019"/>
  <system-out/>
</testsuite> <!-- Browserstack.Browserstackdemo -->
